<?xml version="1.0" encoding="UTF-8"?>
<coverage generated="1730177857766" clover="3.2.0">
  <project timestamp="1730177857766" name="All files">
    <metrics statements="18" coveredstatements="18" conditionals="6" coveredconditionals="6" methods="9" coveredmethods="9" elements="33" coveredelements="33" complexity="0" loc="18" ncloc="18" packages="1" files="3" classes="3"/>
    <file name="array.js" path="/home/a374377/Desktop/Odin-Proyect/OP-Testing-Practice/array.js">
      <metrics statements="9" coveredstatements="9" conditionals="4" coveredconditionals="4" methods="2" coveredmethods="2"/>
      <line num="2" count="5" type="stmt"/>
      <line num="9" count="5" type="stmt"/>
      <line num="11" count="5" type="stmt"/>
      <line num="12" count="27" type="stmt"/>
      <line num="13" count="27" type="stmt"/>
      <line num="14" count="27" type="cond" truecount="2" falsecount="0"/>
      <line num="15" count="27" type="cond" truecount="2" falsecount="0"/>
      <line num="18" count="5" type="stmt"/>
      <line num="20" count="5" type="stmt"/>
    </file>
    <file name="calculator.js" path="/home/a374377/Desktop/Odin-Proyect/OP-Testing-Practice/calculator.js">
      <metrics statements="6" coveredstatements="6" conditionals="2" coveredconditionals="2" methods="4" coveredmethods="4"/>
      <line num="3" count="1" type="stmt"/>
      <line num="6" count="1" type="stmt"/>
      <line num="9" count="2" type="cond" truecount="2" falsecount="0"/>
      <line num="10" count="1" type="stmt"/>
      <line num="13" count="1" type="stmt"/>
      <line num="17" count="1" type="stmt"/>
    </file>
    <file name="strings.js" path="/home/a374377/Desktop/Odin-Proyect/OP-Testing-Practice/strings.js">
      <metrics statements="3" coveredstatements="3" conditionals="0" coveredconditionals="0" methods="3" coveredmethods="3"/>
      <line num="2" count="1" type="stmt"/>
      <line num="6" count="1" type="stmt"/>
      <line num="10" count="1" type="stmt"/>
    </file>
  </project>
</coverage>
