<?xml version="1.0" encoding="UTF-8"?>
<coverage generated="1730434166472" clover="3.2.0">
  <project timestamp="1730434166472" name="All files">
    <metrics statements="34" coveredstatements="34" conditionals="21" coveredconditionals="21" methods="9" coveredmethods="9" elements="64" coveredelements="64" complexity="0" loc="34" ncloc="34" packages="1" files="3" classes="3"/>
    <file name="array.js" path="/home/a374377/Desktop/Odin-Proyect/OP-Testing-Practice/array.js">
      <metrics statements="9" coveredstatements="9" conditionals="4" coveredconditionals="4" methods="2" coveredmethods="2"/>
      <line num="2" count="5" type="stmt"/>
      <line num="9" count="5" type="stmt"/>
      <line num="11" count="5" type="stmt"/>
      <line num="12" count="63" type="stmt"/>
      <line num="13" count="63" type="stmt"/>
      <line num="14" count="63" type="cond" truecount="2" falsecount="0"/>
      <line num="15" count="63" type="cond" truecount="2" falsecount="0"/>
      <line num="18" count="5" type="stmt"/>
      <line num="20" count="5" type="stmt"/>
    </file>
    <file name="calculator.js" path="/home/a374377/Desktop/Odin-Proyect/OP-Testing-Practice/calculator.js">
      <metrics statements="6" coveredstatements="6" conditionals="2" coveredconditionals="2" methods="4" coveredmethods="4"/>
      <line num="3" count="1" type="stmt"/>
      <line num="6" count="1" type="stmt"/>
      <line num="9" count="2" type="cond" truecount="2" falsecount="0"/>
      <line num="10" count="1" type="stmt"/>
      <line num="13" count="1" type="stmt"/>
      <line num="17" count="1" type="stmt"/>
    </file>
    <file name="strings.js" path="/home/a374377/Desktop/Odin-Proyect/OP-Testing-Practice/strings.js">
      <metrics statements="19" coveredstatements="19" conditionals="15" coveredconditionals="15" methods="3" coveredmethods="3"/>
      <line num="2" count="1" type="stmt"/>
      <line num="4" count="1" type="stmt"/>
      <line num="5" count="16" type="cond" truecount="4" falsecount="0"/>
      <line num="6" count="2" type="stmt"/>
      <line num="8" count="14" type="stmt"/>
      <line num="12" count="1" type="stmt"/>
      <line num="16" count="1" type="stmt"/>
      <line num="18" count="1" type="stmt"/>
      <line num="19" count="9" type="stmt"/>
      <line num="22" count="1" type="stmt"/>
      <line num="26" count="1" type="stmt"/>
      <line num="28" count="1" type="stmt"/>
      <line num="29" count="14" type="stmt"/>
      <line num="31" count="14" type="cond" truecount="6" falsecount="0"/>
      <line num="32" count="11" type="stmt"/>
      <line num="33" count="11" type="cond" truecount="5" falsecount="0"/>
      <line num="34" count="1" type="stmt"/>
      <line num="38" count="14" type="stmt"/>
      <line num="41" count="1" type="stmt"/>
    </file>
  </project>
</coverage>
