TN:
SF:array.js
FN:1,analyzeArray
FN:11,(anonymous_1)
FNF:2
FNH:2
FNDA:5,analyzeArray
FNDA:63,(anonymous_1)
DA:2,5
DA:9,5
DA:11,5
DA:12,63
DA:13,63
DA:14,63
DA:15,63
DA:18,5
DA:20,5
LF:9
LH:9
BRDA:14,0,0,14
BRDA:14,0,1,49
BRDA:15,1,0,11
BRDA:15,1,1,52
BRF:4
BRH:4
end_of_record
TN:
SF:calculator.js
FN:2,(anonymous_0)
FN:5,(anonymous_1)
FN:8,(anonymous_2)
FN:12,(anonymous_3)
FNF:4
FNH:4
FNDA:1,(anonymous_0)
FNDA:1,(anonymous_1)
FNDA:2,(anonymous_2)
FNDA:1,(anonymous_3)
DA:3,1
DA:6,1
DA:9,2
DA:10,1
DA:13,1
DA:17,1
LF:6
LH:6
BRDA:9,0,0,1
BRDA:9,0,1,1
BRF:2
BRH:2
end_of_record
TN:
SF:strings.js
FN:1,capitalize
FN:15,reverseString
FN:25,caesarCipher
FNF:3
FNH:3
FNDA:1,capitalize
FNDA:1,reverseString
FNDA:1,caesarCipher
DA:2,1
DA:4,1
DA:5,16
DA:6,2
DA:8,14
DA:12,1
DA:16,1
DA:18,1
DA:19,9
DA:22,1
DA:26,1
DA:28,1
DA:29,14
DA:31,14
DA:32,11
DA:33,11
DA:34,1
DA:38,14
DA:41,1
LF:19
LH:19
BRDA:5,0,0,2
BRDA:5,0,1,14
BRDA:5,1,0,16
BRDA:5,1,1,15
BRDA:31,2,0,11
BRDA:31,2,1,3
BRDA:31,3,0,14
BRDA:31,3,1,11
BRDA:31,3,2,12
BRDA:31,3,3,9
BRDA:33,4,0,1
BRDA:33,4,1,10
BRDA:33,5,0,11
BRDA:33,5,1,9
BRDA:33,5,2,11
BRF:15
BRH:15
end_of_record
