TN:
SF:array.js
FN:5,analyzeArray
FNF:1
FNH:1
FNDA:1,analyzeArray
DA:6,1
LF:1
LH:1
BRF:0
BRH:0
end_of_record
TN:
SF:calculator.js
FN:2,(anonymous_0)
FN:5,(anonymous_1)
FN:8,(anonymous_2)
FN:11,(anonymous_3)
FNF:4
FNH:4
FNDA:1,(anonymous_0)
FNDA:1,(anonymous_1)
FNDA:1,(anonymous_2)
FNDA:1,(anonymous_3)
DA:3,1
DA:6,1
DA:9,1
DA:12,1
DA:16,1
LF:5
LH:5
BRF:0
BRH:0
end_of_record
TN:
SF:strings.js
FN:1,capitalize
FN:5,reverseString
FN:10,caesarCipher
FNF:3
FNH:3
FNDA:1,capitalize
FNDA:1,reverseString
FNDA:1,caesarCipher
DA:2,1
DA:6,1
DA:7,1
DA:11,1
LF:4
LH:4
BRF:0
BRH:0
end_of_record
